<?xml version="1.0" encoding="UTF-8"?>
<coverage generated="1757655897501" clover="3.2.0">
  <project timestamp="1757655897501" name="All files">
    <metrics statements="43" coveredstatements="14" conditionals="4" coveredconditionals="0" methods="13" coveredmethods="6" elements="60" coveredelements="20" complexity="0" loc="43" ncloc="43" packages="1" files="5" classes="5"/>
    <file name="App.js" path="/tmp/prod/complex/client/src/App.js">
      <metrics statements="2" coveredstatements="0" conditionals="0" coveredconditionals="0" methods="1" coveredmethods="0"/>
      <line num="8" count="0" type="stmt"/>
      <line num="10" count="0" type="stmt"/>
    </file>
    <file name="Fib.js" path="/tmp/prod/complex/client/src/Fib.js">
      <metrics statements="26" coveredstatements="13" conditionals="0" coveredconditionals="0" methods="9" coveredmethods="6"/>
      <line num="5" count="3" type="stmt"/>
      <line num="12" count="3" type="stmt"/>
      <line num="13" count="3" type="stmt"/>
      <line num="17" count="3" type="stmt"/>
      <line num="18" count="3" type="stmt"/>
      <line num="19" count="0" type="stmt"/>
      <line num="21" count="0" type="stmt"/>
      <line num="26" count="3" type="stmt"/>
      <line num="27" count="3" type="stmt"/>
      <line num="28" count="0" type="stmt"/>
      <line num="32" count="0" type="stmt"/>
      <line num="36" count="3" type="stmt"/>
      <line num="37" count="0" type="stmt"/>
      <line num="39" count="0" type="stmt"/>
      <line num="40" count="0" type="stmt"/>
      <line num="43" count="0" type="stmt"/>
      <line num="46" count="0" type="stmt"/>
      <line num="47" count="0" type="stmt"/>
      <line num="49" count="0" type="stmt"/>
      <line num="54" count="3" type="stmt"/>
      <line num="58" count="3" type="stmt"/>
      <line num="60" count="3" type="stmt"/>
      <line num="61" count="0" type="stmt"/>
      <line num="68" count="3" type="stmt"/>
      <line num="72" count="3" type="stmt"/>
      <line num="78" count="0" type="stmt"/>
    </file>
    <file name="OtherPage.js" path="/tmp/prod/complex/client/src/OtherPage.js">
      <metrics statements="2" coveredstatements="1" conditionals="0" coveredconditionals="0" methods="1" coveredmethods="0"/>
      <line num="4" count="1" type="stmt"/>
      <line num="5" count="0" type="stmt"/>
    </file>
    <file name="index.js" path="/tmp/prod/complex/client/src/index.js">
      <metrics statements="5" coveredstatements="0" conditionals="0" coveredconditionals="0" methods="0" coveredmethods="0"/>
      <line num="7" count="0" type="stmt"/>
      <line num="10" count="0" type="stmt"/>
      <line num="11" count="0" type="stmt"/>
      <line num="13" count="0" type="stmt"/>
      <line num="22" count="0" type="stmt"/>
    </file>
    <file name="reportWebVitals.js" path="/tmp/prod/complex/client/src/reportWebVitals.js">
      <metrics statements="8" coveredstatements="0" conditionals="4" coveredconditionals="0" methods="2" coveredmethods="0"/>
      <line num="1" count="0" type="stmt"/>
      <line num="2" count="0" type="cond" truecount="0" falsecount="4"/>
      <line num="3" count="0" type="stmt"/>
      <line num="4" count="0" type="stmt"/>
      <line num="5" count="0" type="stmt"/>
      <line num="6" count="0" type="stmt"/>
      <line num="7" count="0" type="stmt"/>
      <line num="8" count="0" type="stmt"/>
    </file>
  </project>
</coverage>
