{"/tmp/prod/complex/client/src/App.js": {"path":"/tmp/prod/complex/client/src/App.js","statementMap":{"0":{"start":{"line":8,"column":2},"end":{"line":8,"column":44}},"1":{"start":{"line":10,"column":2},"end":{"line":31,"column":4}}},"fnMap":{"0":{"name":"App","decl":{"start":{"line":7,"column":9},"end":{"line":7,"column":12}},"loc":{"start":{"line":7,"column":15},"end":{"line":32,"column":1}},"line":7}},"branchMap":{},"s":{"0":0,"1":0},"f":{"0":0},"b":{},"_coverageSchema":"1a1c01bbd47fc00a2c39e90264f33305004495a9","hash":"663b864349005d283bfe54ce5a95dfe217d4199f"}
,"/tmp/prod/complex/client/src/Fib.js": {"path":"/tmp/prod/complex/client/src/Fib.js","statementMap":{"0":{"start":{"line":5,"column":12},"end":{"line":9,"column":5}},"1":{"start":{"line":12,"column":8},"end":{"line":12,"column":27}},"2":{"start":{"line":13,"column":8},"end":{"line":13,"column":28}},"3":{"start":{"line":17,"column":8},"end":{"line":22,"column":9}},"4":{"start":{"line":18,"column":27},"end":{"line":18,"column":65}},"5":{"start":{"line":19,"column":12},"end":{"line":19,"column":51}},"6":{"start":{"line":21,"column":12},"end":{"line":21,"column":55}},"7":{"start":{"line":26,"column":8},"end":{"line":33,"column":9}},"8":{"start":{"line":27,"column":32},"end":{"line":27,"column":66}},"9":{"start":{"line":28,"column":12},"end":{"line":30,"column":15}},"10":{"start":{"line":32,"column":12},"end":{"line":32,"column":56}},"11":{"start":{"line":36,"column":19},"end":{"line":51,"column":5}},"12":{"start":{"line":37,"column":8},"end":{"line":37,"column":31}},"13":{"start":{"line":39,"column":8},"end":{"line":50,"column":9}},"14":{"start":{"line":40,"column":12},"end":{"line":42,"column":15}},"15":{"start":{"line":43,"column":12},"end":{"line":43,"column":40}},"16":{"start":{"line":46,"column":12},"end":{"line":46,"column":31}},"17":{"start":{"line":47,"column":12},"end":{"line":47,"column":32}},"18":{"start":{"line":49,"column":12},"end":{"line":49,"column":50}},"19":{"start":{"line":54,"column":8},"end":{"line":54,"column":77}},"20":{"start":{"line":54,"column":58},"end":{"line":54,"column":64}},"21":{"start":{"line":58,"column":24},"end":{"line":58,"column":26}},"22":{"start":{"line":60,"column":8},"end":{"line":66,"column":9}},"23":{"start":{"line":61,"column":12},"end":{"line":65,"column":14}},"24":{"start":{"line":68,"column":8},"end":{"line":68,"column":23}},"25":{"start":{"line":72,"column":8},"end":{"line":89,"column":10}},"26":{"start":{"line":78,"column":41},"end":{"line":78,"column":84}}},"fnMap":{"0":{"name":"(anonymous_0)","decl":{"start":{"line":11,"column":4},"end":{"line":11,"column":5}},"loc":{"start":{"line":11,"column":24},"end":{"line":14,"column":5}},"line":11},"1":{"name":"(anonymous_1)","decl":{"start":{"line":16,"column":4},"end":{"line":16,"column":5}},"loc":{"start":{"line":16,"column":24},"end":{"line":23,"column":5}},"line":16},"2":{"name":"(anonymous_2)","decl":{"start":{"line":25,"column":4},"end":{"line":25,"column":5}},"loc":{"start":{"line":25,"column":25},"end":{"line":34,"column":5}},"line":25},"3":{"name":"(anonymous_3)","decl":{"start":{"line":36,"column":19},"end":{"line":36,"column":20}},"loc":{"start":{"line":36,"column":36},"end":{"line":51,"column":5}},"line":36},"4":{"name":"(anonymous_4)","decl":{"start":{"line":53,"column":4},"end":{"line":53,"column":5}},"loc":{"start":{"line":53,"column":24},"end":{"line":55,"column":5}},"line":53},"5":{"name":"(anonymous_5)","decl":{"start":{"line":54,"column":42},"end":{"line":54,"column":43}},"loc":{"start":{"line":54,"column":58},"end":{"line":54,"column":64}},"line":54},"6":{"name":"(anonymous_6)","decl":{"start":{"line":57,"column":4},"end":{"line":57,"column":5}},"loc":{"start":{"line":57,"column":19},"end":{"line":69,"column":5}},"line":57},"7":{"name":"(anonymous_7)","decl":{"start":{"line":71,"column":4},"end":{"line":71,"column":5}},"loc":{"start":{"line":71,"column":13},"end":{"line":90,"column":5}},"line":71},"8":{"name":"(anonymous_8)","decl":{"start":{"line":78,"column":32},"end":{"line":78,"column":33}},"loc":{"start":{"line":78,"column":41},"end":{"line":78,"column":84}},"line":78}},"branchMap":{},"s":{"0":3,"1":3,"2":3,"3":3,"4":3,"5":0,"6":0,"7":3,"8":3,"9":0,"10":0,"11":3,"12":0,"13":0,"14":0,"15":0,"16":0,"17":0,"18":0,"19":3,"20":0,"21":3,"22":3,"23":0,"24":3,"25":3,"26":0},"f":{"0":3,"1":3,"2":3,"3":0,"4":3,"5":0,"6":3,"7":3,"8":0},"b":{},"_coverageSchema":"1a1c01bbd47fc00a2c39e90264f33305004495a9","hash":"784e6fb2128e716236e627a2025cb2ed22167d5e"}
,"/tmp/prod/complex/client/src/OtherPage.js": {"path":"/tmp/prod/complex/client/src/OtherPage.js","statementMap":{"0":{"start":{"line":4,"column":18},"end":{"line":11,"column":1}},"1":{"start":{"line":5,"column":2},"end":{"line":10,"column":4}}},"fnMap":{"0":{"name":"(anonymous_0)","decl":{"start":{"line":4,"column":18},"end":{"line":4,"column":19}},"loc":{"start":{"line":4,"column":24},"end":{"line":11,"column":1}},"line":4}},"branchMap":{},"s":{"0":1,"1":0},"f":{"0":0},"b":{},"_coverageSchema":"1a1c01bbd47fc00a2c39e90264f33305004495a9","hash":"5a59d6f216b05d5263e1731afd678f1a63f800ed"}
,"/tmp/prod/complex/client/src/index.js": {"path":"/tmp/prod/complex/client/src/index.js","statementMap":{"0":{"start":{"line":7,"column":13},"end":{"line":7,"column":65}},"1":{"start":{"line":10,"column":0},"end":{"line":10,"column":37}},"2":{"start":{"line":11,"column":0},"end":{"line":11,"column":62}},"3":{"start":{"line":13,"column":0},"end":{"line":17,"column":2}},"4":{"start":{"line":22,"column":0},"end":{"line":22,"column":18}}},"fnMap":{},"branchMap":{},"s":{"0":0,"1":0,"2":0,"3":0,"4":0},"f":{},"b":{}}
,"/tmp/prod/complex/client/src/reportWebVitals.js": {"path":"/tmp/prod/complex/client/src/reportWebVitals.js","statementMap":{"0":{"start":{"line":1,"column":24},"end":{"line":11,"column":1}},"1":{"start":{"line":2,"column":2},"end":{"line":10,"column":3}},"2":{"start":{"line":3,"column":4},"end":{"line":9,"column":7}},"3":{"start":{"line":4,"column":6},"end":{"line":4,"column":26}},"4":{"start":{"line":5,"column":6},"end":{"line":5,"column":26}},"5":{"start":{"line":6,"column":6},"end":{"line":6,"column":26}},"6":{"start":{"line":7,"column":6},"end":{"line":7,"column":26}},"7":{"start":{"line":8,"column":6},"end":{"line":8,"column":27}}},"fnMap":{"0":{"name":"(anonymous_0)","decl":{"start":{"line":1,"column":24},"end":{"line":1,"column":25}},"loc":{"start":{"line":1,"column":39},"end":{"line":11,"column":1}},"line":1},"1":{"name":"(anonymous_1)","decl":{"start":{"line":3,"column":30},"end":{"line":3,"column":31}},"loc":{"start":{"line":3,"column":79},"end":{"line":9,"column":5}},"line":3}},"branchMap":{"0":{"loc":{"start":{"line":2,"column":2},"end":{"line":10,"column":3}},"type":"if","locations":[{"start":{"line":2,"column":2},"end":{"line":10,"column":3}},{"start":{},"end":{}}],"line":2},"1":{"loc":{"start":{"line":2,"column":6},"end":{"line":2,"column":52}},"type":"binary-expr","locations":[{"start":{"line":2,"column":6},"end":{"line":2,"column":17}},{"start":{"line":2,"column":21},"end":{"line":2,"column":52}}],"line":2}},"s":{"0":0,"1":0,"2":0,"3":0,"4":0,"5":0,"6":0,"7":0},"f":{"0":0,"1":0},"b":{"0":[0,0],"1":[0,0]}}
}
